[debug] [2024-02-26T11:17:08.209Z] ----------------------------------------------------------------------
[debug] [2024-02-26T11:17:08.211Z] Command:       C:\Program Files\nodejs\node.exe C:\Users\mrman\AppData\Roaming\npm\node_modules\firebase-tools\lib\bin\firebase.js init
[debug] [2024-02-26T11:17:08.211Z] CLI Version:   13.3.1
[debug] [2024-02-26T11:17:08.211Z] Platform:      win32
[debug] [2024-02-26T11:17:08.211Z] Node Version:  v21.5.0
[debug] [2024-02-26T11:17:08.211Z] Time:          Mon Feb 26 2024 04:17:08 GMT-0700 (Mountain Standard Time)
[debug] [2024-02-26T11:17:08.211Z] ----------------------------------------------------------------------
[debug] 
[debug] [2024-02-26T11:17:08.217Z] > command requires scopes: ["email","openid","https://www.googleapis.com/auth/cloudplatformprojects.readonly","https://www.googleapis.com/auth/firebase","https://www.googleapis.com/auth/cloud-platform"]
[debug] [2024-02-26T11:17:08.217Z] > authorizing via signed-in user (mr.maniteji@gmail.com)
[info] 
     ######## #### ########  ######## ########     ###     ######  ########
     ##        ##  ##     ## ##       ##     ##  ##   ##  ##       ##
     ######    ##  ########  ######   ########  #########  ######  ######
     ##        ##  ##    ##  ##       ##     ## ##     ##       ## ##
     ##       #### ##     ## ######## ########  ##     ##  ######  ########

You're about to initialize a Firebase project in this directory:

  D:\Capstone1\capstone

[info] 
=== Project Setup
[info] 
[info] First, let's associate this project directory with a Firebase project.
[info] You can create multiple project aliases by running firebase use --add, 
[info] but for now we'll just set up a default project.
[info] 
[debug] [2024-02-26T11:18:42.471Z] >>> [apiv2][query] GET https://firebase.googleapis.com/v1beta1/projects pageSize=100
[debug] [2024-02-26T11:18:43.060Z] <<< [apiv2][status] GET https://firebase.googleapis.com/v1beta1/projects 200
[debug] [2024-02-26T11:18:43.060Z] <<< [apiv2][body] GET https://firebase.googleapis.com/v1beta1/projects [omitted]
[info] i  Using project capstone-1b36c (Capstone) 
[info] 
=== Database Setup
[info] i  database: ensuring required API firebasedatabase.googleapis.com is enabled... 
[debug] [2024-02-26T11:18:48.350Z] >>> [apiv2][query] GET https://serviceusage.googleapis.com/v1/projects/capstone-1b36c/services/firebasedatabase.googleapis.com [none]
[debug] [2024-02-26T11:18:48.350Z] >>> [apiv2][(partial)header] GET https://serviceusage.googleapis.com/v1/projects/capstone-1b36c/services/firebasedatabase.googleapis.com x-goog-quota-user=projects/capstone-1b36c
[debug] [2024-02-26T11:18:49.084Z] <<< [apiv2][status] GET https://serviceusage.googleapis.com/v1/projects/capstone-1b36c/services/firebasedatabase.googleapis.com 200
[debug] [2024-02-26T11:18:49.084Z] <<< [apiv2][body] GET https://serviceusage.googleapis.com/v1/projects/capstone-1b36c/services/firebasedatabase.googleapis.com [omitted]
[warn] !  database: missing required API firebasedatabase.googleapis.com. Enabling now... 
[debug] [2024-02-26T11:18:49.086Z] >>> [apiv2][query] POST https://serviceusage.googleapis.com/v1/projects/capstone-1b36c/services/firebasedatabase.googleapis.com:enable [none]
[debug] [2024-02-26T11:18:49.086Z] >>> [apiv2][(partial)header] POST https://serviceusage.googleapis.com/v1/projects/capstone-1b36c/services/firebasedatabase.googleapis.com:enable x-goog-quota-user=projects/capstone-1b36c
[debug] [2024-02-26T11:18:49.579Z] <<< [apiv2][status] POST https://serviceusage.googleapis.com/v1/projects/capstone-1b36c/services/firebasedatabase.googleapis.com:enable 200
[debug] [2024-02-26T11:18:49.579Z] <<< [apiv2][body] POST https://serviceusage.googleapis.com/v1/projects/capstone-1b36c/services/firebasedatabase.googleapis.com:enable [omitted]
[debug] [2024-02-26T11:18:59.581Z] >>> [apiv2][query] GET https://serviceusage.googleapis.com/v1/projects/capstone-1b36c/services/firebasedatabase.googleapis.com [none]
[debug] [2024-02-26T11:18:59.581Z] >>> [apiv2][(partial)header] GET https://serviceusage.googleapis.com/v1/projects/capstone-1b36c/services/firebasedatabase.googleapis.com x-goog-quota-user=projects/capstone-1b36c
[debug] [2024-02-26T11:19:00.108Z] <<< [apiv2][status] GET https://serviceusage.googleapis.com/v1/projects/capstone-1b36c/services/firebasedatabase.googleapis.com 200
[debug] [2024-02-26T11:19:00.108Z] <<< [apiv2][body] GET https://serviceusage.googleapis.com/v1/projects/capstone-1b36c/services/firebasedatabase.googleapis.com [omitted]
[info] +  database: required API firebasedatabase.googleapis.com is enabled 
[info] 
[debug] [2024-02-26T11:19:00.111Z] >>> [apiv2][query] GET https://firebase.googleapis.com/v1beta1/projects/capstone-1b36c [none]
[debug] [2024-02-26T11:19:00.361Z] <<< [apiv2][status] GET https://firebase.googleapis.com/v1beta1/projects/capstone-1b36c 200
[debug] [2024-02-26T11:19:00.361Z] <<< [apiv2][body] GET https://firebase.googleapis.com/v1beta1/projects/capstone-1b36c {"projectId":"capstone-1b36c","projectNumber":"941753969383","displayName":"Capstone","name":"projects/capstone-1b36c","resources":{"hostingSite":"capstone-1b36c"},"state":"ACTIVE","etag":"1_c7c3e614-6382-418e-955f-614f651adabc"}
[info] 
[info] Firebase Realtime Database Security Rules allow you to define how your data should be
[info] structured and when your data can be read from and written to.
[info] 
[info] +  Default rules have been written to database.rules.json. 
[info] Future modifications to database.rules.json will update Realtime Database Security Rules when you run
[info] firebase deploy.
[info] 
=== Functions Setup
[debug] [2024-02-26T11:19:10.774Z] > command requires scopes: ["email","openid","https://www.googleapis.com/auth/cloudplatformprojects.readonly","https://www.googleapis.com/auth/firebase","https://www.googleapis.com/auth/cloud-platform"]
[debug] [2024-02-26T11:19:10.775Z] > authorizing via signed-in user (mr.maniteji@gmail.com)
[debug] [2024-02-26T11:19:10.775Z] [iam] checking project capstone-1b36c for permissions ["firebase.projects.get"]
[debug] [2024-02-26T11:19:10.775Z] >>> [apiv2][query] POST https://cloudresourcemanager.googleapis.com/v1/projects/capstone-1b36c:testIamPermissions [none]
[debug] [2024-02-26T11:19:10.775Z] >>> [apiv2][(partial)header] POST https://cloudresourcemanager.googleapis.com/v1/projects/capstone-1b36c:testIamPermissions x-goog-quota-user=projects/capstone-1b36c
[debug] [2024-02-26T11:19:10.775Z] >>> [apiv2][body] POST https://cloudresourcemanager.googleapis.com/v1/projects/capstone-1b36c:testIamPermissions {"permissions":["firebase.projects.get"]}
[debug] [2024-02-26T11:19:11.014Z] <<< [apiv2][status] POST https://cloudresourcemanager.googleapis.com/v1/projects/capstone-1b36c:testIamPermissions 200
[debug] [2024-02-26T11:19:11.014Z] <<< [apiv2][body] POST https://cloudresourcemanager.googleapis.com/v1/projects/capstone-1b36c:testIamPermissions {"permissions":["firebase.projects.get"]}
[debug] [2024-02-26T11:19:11.014Z] >>> [apiv2][query] GET https://serviceusage.googleapis.com/v1/projects/capstone-1b36c/services/cloudfunctions.googleapis.com [none]
[debug] [2024-02-26T11:19:11.014Z] >>> [apiv2][(partial)header] GET https://serviceusage.googleapis.com/v1/projects/capstone-1b36c/services/cloudfunctions.googleapis.com x-goog-quota-user=projects/capstone-1b36c
[debug] [2024-02-26T11:19:11.016Z] >>> [apiv2][query] GET https://serviceusage.googleapis.com/v1/projects/capstone-1b36c/services/runtimeconfig.googleapis.com [none]
[debug] [2024-02-26T11:19:11.016Z] >>> [apiv2][(partial)header] GET https://serviceusage.googleapis.com/v1/projects/capstone-1b36c/services/runtimeconfig.googleapis.com x-goog-quota-user=projects/capstone-1b36c
[debug] [2024-02-26T11:19:11.305Z] <<< [apiv2][status] GET https://serviceusage.googleapis.com/v1/projects/capstone-1b36c/services/cloudfunctions.googleapis.com 200
[debug] [2024-02-26T11:19:11.305Z] <<< [apiv2][body] GET https://serviceusage.googleapis.com/v1/projects/capstone-1b36c/services/cloudfunctions.googleapis.com [omitted]
[debug] [2024-02-26T11:19:11.305Z] >>> [apiv2][query] POST https://serviceusage.googleapis.com/v1/projects/capstone-1b36c/services/cloudfunctions.googleapis.com:enable [none]
[debug] [2024-02-26T11:19:11.305Z] >>> [apiv2][(partial)header] POST https://serviceusage.googleapis.com/v1/projects/capstone-1b36c/services/cloudfunctions.googleapis.com:enable x-goog-quota-user=projects/capstone-1b36c
[debug] [2024-02-26T11:19:11.637Z] <<< [apiv2][status] GET https://serviceusage.googleapis.com/v1/projects/capstone-1b36c/services/runtimeconfig.googleapis.com 200
[debug] [2024-02-26T11:19:11.637Z] <<< [apiv2][body] GET https://serviceusage.googleapis.com/v1/projects/capstone-1b36c/services/runtimeconfig.googleapis.com [omitted]
[debug] [2024-02-26T11:19:12.001Z] <<< [apiv2][status] POST https://serviceusage.googleapis.com/v1/projects/capstone-1b36c/services/cloudfunctions.googleapis.com:enable 200
[debug] [2024-02-26T11:19:12.001Z] <<< [apiv2][body] POST https://serviceusage.googleapis.com/v1/projects/capstone-1b36c/services/cloudfunctions.googleapis.com:enable [omitted]
[debug] [2024-02-26T11:19:22.013Z] >>> [apiv2][query] GET https://serviceusage.googleapis.com/v1/projects/capstone-1b36c/services/cloudfunctions.googleapis.com [none]
[debug] [2024-02-26T11:19:22.013Z] >>> [apiv2][(partial)header] GET https://serviceusage.googleapis.com/v1/projects/capstone-1b36c/services/cloudfunctions.googleapis.com x-goog-quota-user=projects/capstone-1b36c
[debug] [2024-02-26T11:19:22.531Z] <<< [apiv2][status] GET https://serviceusage.googleapis.com/v1/projects/capstone-1b36c/services/cloudfunctions.googleapis.com 200
[debug] [2024-02-26T11:19:22.531Z] <<< [apiv2][body] GET https://serviceusage.googleapis.com/v1/projects/capstone-1b36c/services/cloudfunctions.googleapis.com [omitted]
[info] Let's create a new codebase for your functions.
[info] A directory corresponding to the codebase will be created in your project
[info] with sample code pre-configured.

[info] See https://firebase.google.com/docs/functions/organize-functions for
[info] more information on organizing your functions using codebases.

[info] Functions can be deployed with firebase deploy.

[info] +  Wrote functions/package.json 
[info] +  Wrote functions/index.js 
[info] +  Wrote functions/.gitignore 
[info] 
=== Hosting Setup
[debug] [2024-02-26T11:19:54.728Z] >>> [apiv2][query] GET https://firebase.googleapis.com/v1beta1/projects/capstone-1b36c [none]
[debug] [2024-02-26T11:19:54.956Z] <<< [apiv2][status] GET https://firebase.googleapis.com/v1beta1/projects/capstone-1b36c 200
[debug] [2024-02-26T11:19:54.956Z] <<< [apiv2][body] GET https://firebase.googleapis.com/v1beta1/projects/capstone-1b36c {"projectId":"capstone-1b36c","projectNumber":"941753969383","displayName":"Capstone","name":"projects/capstone-1b36c","resources":{"hostingSite":"capstone-1b36c"},"state":"ACTIVE","etag":"1_c7c3e614-6382-418e-955f-614f651adabc"}
[info] 
[info] Your public directory is the folder (relative to your project directory) that
[info] will contain Hosting assets to be uploaded with firebase deploy. If you
[info] have a build process for your assets, use your build's output directory.
[info] 
[info] +  Wrote n/404.html 
[debug] [2024-02-26T17:57:16.264Z] >>> [apiv2][query] GET https://www.gstatic.com/firebasejs/releases.json [none]
[debug] [2024-02-26T17:57:16.931Z] <<< [apiv2][status] GET https://www.gstatic.com/firebasejs/releases.json 200
[debug] [2024-02-26T17:57:16.931Z] <<< [apiv2][body] GET https://www.gstatic.com/firebasejs/releases.json {"current":{"version":"10.8.0","browserURL":"https://www.gstatic.com/firebasejs/10.8.0/firebase.js","packageURL":"https://www.gstatic.com/firebasejs/10.8.0/firebase.tgz"},"live":{"version":"10.8","browserURL":"https://www.gstatic.com/firebasejs/live/10.8/firebase.js","packageURL":"https://www.gstatic.com/firebasejs/live/10.8/firebase.tgz"},"components":{"analytics":"https://www.gstatic.com/firebasejs/10.8.0/firebase-analytics.js","app":"https://www.gstatic.com/firebasejs/10.8.0/firebase-app.js","app-check":"https://www.gstatic.com/firebasejs/10.8.0/firebase-app-check.js","auth":"https://www.gstatic.com/firebasejs/10.8.0/firebase-auth.js","auth/cordova":"https://www.gstatic.com/firebasejs/10.8.0/firebase-auth/cordova.js","auth/web-extension":"https://www.gstatic.com/firebasejs/10.8.0/firebase-auth/web-extension.js","functions":"https://www.gstatic.com/firebasejs/10.8.0/firebase-functions.js","firestore":"https://www.gstatic.com/firebasejs/10.8.0/firebase-firestore.js","firestore/lite":"https://www.gstatic.com/firebasejs/10.8.0/firebase-firestore/lite.js","installations":"https://www.gstatic.com/firebasejs/10.8.0/firebase-installations.js","storage":"https://www.gstatic.com/firebasejs/10.8.0/firebase-storage.js","performance":"https://www.gstatic.com/firebasejs/10.8.0/firebase-performance.js","remote-config":"https://www.gstatic.com/firebasejs/10.8.0/firebase-remote-config.js","messaging":"https://www.gstatic.com/firebasejs/10.8.0/firebase-messaging.js","messaging/sw":"https://www.gstatic.com/firebasejs/10.8.0/firebase-messaging/sw.js","database":"https://www.gstatic.com/firebasejs/10.8.0/firebase-database.js","firestore.memory":"https://www.gstatic.com/firebasejs/10.8.0/firebase-firestore.memory.js"}}
[info] +  Wrote n/index.html 
[info] 
[info] i  Detected a .git folder at D:\Capstone1\capstone 
[info] i  Authorizing with GitHub to upload your service account to a GitHub repository's secrets store. 
[info] 
[info] Visit this URL on this device to log in:
[info] https://github.com/login/oauth/authorize?client_id=89cf50f02ac6aaed3484&state=199102032&redirect_uri=http%3A%2F%2Flocalhost%3A9005&scope=read%3Auser%20repo%20public_repo
[info] 
[info] Waiting for authentication...
[debug] [2024-02-26T17:58:05.963Z] >>> [apiv2][query] POST https://github.com/login/oauth/access_token [none]
[debug] [2024-02-26T17:58:05.963Z] >>> [apiv2][body] POST https://github.com/login/oauth/access_token [stream]
[debug] [2024-02-26T17:58:07.511Z] <<< [apiv2][status] POST https://github.com/login/oauth/access_token 200
[debug] [2024-02-26T17:58:07.511Z] <<< [apiv2][body] POST https://github.com/login/oauth/access_token {"access_token":"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","token_type":"bearer","scope":"read:user,repo"}
[debug] [2024-02-26T17:58:07.519Z] >>> [apiv2][query] GET https://api.github.com/user [none]
[debug] [2024-02-26T17:58:08.492Z] <<< [apiv2][status] GET https://api.github.com/user 200
[debug] [2024-02-26T17:58:08.492Z] <<< [apiv2][body] GET https://api.github.com/user {"login":"maniteji","id":120230586,"node_id":"U_kgDOByqSug","avatar_url":"https://avatars.githubusercontent.com/u/120230586?v=4","gravatar_id":"","url":"https://api.github.com/users/maniteji","html_url":"https://github.com/maniteji","followers_url":"https://api.github.com/users/maniteji/followers","following_url":"https://api.github.com/users/maniteji/following{/other_user}","gists_url":"https://api.github.com/users/maniteji/gists{/gist_id}","starred_url":"https://api.github.com/users/maniteji/starred{/owner}{/repo}","subscriptions_url":"https://api.github.com/users/maniteji/subscriptions","organizations_url":"https://api.github.com/users/maniteji/orgs","repos_url":"https://api.github.com/users/maniteji/repos","events_url":"https://api.github.com/users/maniteji/events{/privacy}","received_events_url":"https://api.github.com/users/maniteji/received_events","type":"User","site_admin":false,"name":null,"company":null,"blog":"","location":null,"email":null,"hireable":null,"bio":null,"twitter_username":null,"public_repos":19,"public_gists":0,"followers":1,"following":2,"created_at":"2022-12-10T01:40:02Z","updated_at":"2024-02-26T10:57:05Z","private_gists":0,"total_private_repos":4,"owned_private_repos":4,"disk_usage":4326,"collaborators":3,"two_factor_authentication":false,"plan":{"name":"pro","space":976562499,"collaborators":0,"private_repos":9999}}
[info] 
[info] +  Success! Logged into GitHub as maniteji 
[info] 
[debug] [2024-02-26T17:58:17.429Z] >>> [apiv2][query] GET https://api.github.com/repos//actions/secrets/public-key type=owner
[debug] [2024-02-26T17:58:17.828Z] >>> [apiv2][query] GET https://api.github.com/repos//actions/secrets/public-key type=owner
[debug] [2024-02-26T17:58:18.224Z] <<< [apiv2][status] GET https://api.github.com/repos//actions/secrets/public-key 404
[debug] [2024-02-26T17:58:18.224Z] <<< [apiv2][body] GET https://api.github.com/repos//actions/secrets/public-key {"message":"Not Found","documentation_url":"https://docs.github.com/rest"}
[info] 
[info] 
[error] !  The provided authorization cannot be used with this repository. If this repository is in an organization, did you remember to grant access? 
[info] 
[info] i  Action required: Visit this URL to ensure access has been granted to the appropriate organization(s) for the Firebase CLI GitHub OAuth App: 
[info] https://github.com/settings/connections/applications/89cf50f02ac6aaed3484
[info] 
[debug] [2024-02-26T17:58:18.327Z] <<< [apiv2][status] GET https://api.github.com/repos//actions/secrets/public-key 404
[debug] [2024-02-26T17:58:18.327Z] <<< [apiv2][body] GET https://api.github.com/repos//actions/secrets/public-key {"message":"Not Found","documentation_url":"https://docs.github.com/rest"}
[info] 
[info] 
[error] !  The provided authorization cannot be used with this repository. If this repository is in an organization, did you remember to grant access? 
[info] 
[info] i  Action required: Visit this URL to ensure access has been granted to the appropriate organization(s) for the Firebase CLI GitHub OAuth App: 
[info] https://github.com/settings/connections/applications/89cf50f02ac6aaed3484
[info] 
[debug] [2024-02-26T17:58:25.734Z] >>> [apiv2][query] GET https://api.github.com/repos/n/actions/secrets/public-key type=owner
[debug] [2024-02-26T17:58:26.273Z] <<< [apiv2][status] GET https://api.github.com/repos/n/actions/secrets/public-key 404
[debug] [2024-02-26T17:58:26.273Z] <<< [apiv2][body] GET https://api.github.com/repos/n/actions/secrets/public-key {"message":"Not Found","documentation_url":"https://docs.github.com/rest"}
[info] 
[info] 
[error] !  The provided authorization cannot be used with this repository. If this repository is in an organization, did you remember to grant access? 
[info] 
[info] i  Action required: Visit this URL to ensure access has been granted to the appropriate organization(s) for the Firebase CLI GitHub OAuth App: 
[info] https://github.com/settings/connections/applications/89cf50f02ac6aaed3484
[info] 
